2023-12-04 10:31:11,676 - INFO - setup_server - Created datastore
2023-12-04 10:31:11,680 - INFO - handle_simulation_communication - Removed old files
2023-12-04 10:31:11,717 - INFO - _log - [31m[1mWARNING: This is a development server. Do not use it in a production deployment. Use a production WSGI server instead.[0m
 * Running on https://127.0.0.1:5001
2023-12-04 10:31:11,717 - INFO - _log - [33mPress CTRL+C to quit[0m
2023-12-04 10:31:11,730 - INFO - info - Server listening.
2023-12-04 10:31:12,698 - INFO - update_departure - Updating departure
2023-12-04 10:31:12,698 - ERROR - read_from_file - Cannot find or decode file
2023-12-04 10:31:12,702 - INFO - update_arrival - Updating arrival
2023-12-04 10:31:12,702 - ERROR - read_from_file - Cannot find or decode file
2023-12-04 10:31:12,825 - INFO - update_existing_data - Updated data in departure.json
2023-12-04 10:31:12,841 - INFO - update_departure - Data has been updated in departure.json
2023-12-04 10:31:12,842 - INFO - update_departure - Sleeping 40 minutes. Next update 11:11
2023-12-04 10:31:12,860 - INFO - update_arrival - Updated values in arrival.json
2023-12-04 10:31:12,861 - INFO - update_arrival - Sleeping 10 minutes. Next update 10:41
2023-12-04 10:31:15,708 - INFO - handle_simulation_communication - Finding tracks where a train already has arrived to
2023-12-04 10:31:15,708 - INFO - handle_simulation_communication - Found train and occupied track 6
2023-12-04 10:31:15,709 - INFO - handle_simulation_communication - Found train and occupied track 1
2023-12-04 10:31:15,712 - INFO - handle_simulation_communication - Switch has connected to modbus
2023-12-04 10:31:15,715 - INFO - arrival - Starting arrival function
2023-12-04 10:31:15,717 - INFO - arrival - 2684.282712 until train arrival
2023-12-04 10:31:15,721 - INFO - sensor_comm - Started client
2023-12-04 10:31:15,742 - INFO - handle_simulation_communication - Connected to asyncio switch server
2023-12-04 10:31:15,911 - INFO - communication_with_trains - Received train
2023-12-04 10:31:15,911 - INFO - communication_with_trains - ['N', '-', '2023-12-04 10:42', '6', '13']
2023-12-04 10:31:15,912 - INFO - communication_with_trains - N - 2023-12-04 10:42 6 131
2023-12-04 10:31:15,912 - INFO - communication_with_trains - [1, 25, 78, 32, 45, 32, 50, 48, 50, 51, 45, 49, 50, 45, 48, 52, 32, 49, 48, 58, 52, 50, 32, 54, 32, 49, 51, 32, 185, 52, 32, 98, 98, 54, 49, 49, 97, 101, 100, 101, 50, 51, 102, 52, 100, 54, 97, 101, 56, 98, 49, 98, 99, 98, 52, 101, 53, 56, 50, 52, 48, 50, 99, 54, 55, 97, 53, 53, 101, 49, 50, 98, 99, 51, 50, 98, 57, 98, 54, 51, 102, 48, 52, 50, 98, 50, 54, 52, 100, 99, 101, 57, 54, 98, 98]
2023-12-04 10:31:15,913 - INFO - communication_with_trains - Sending data
2023-12-04 10:31:15,918 - INFO - communication_with_trains - nonce [185, 52]
2023-12-04 10:31:15,918 - INFO - communication_with_trains - Expecting: [102, 100, 102, 98, 99, 99, 48, 49, 51, 101, 99, 54, 50, 55, 98, 50, 57, 49, 100, 102, 56, 53, 100, 99, 52, 57, 101, 53, 100, 101, 56, 56, 101, 54, 53, 48, 51, 49, 56, 49, 56, 48, 97, 52, 97, 101, 55, 56, 97, 98, 51, 52, 56, 57, 102, 48, 97, 51, 52, 100, 56, 52, 99, 54]
2023-12-04 10:31:15,929 - INFO - sensor_comm - Connected to sensor 1
2023-12-04 10:31:15,934 - INFO - sensor_comm - Started client
2023-12-04 10:31:15,951 - INFO - read_comm_with_trains - Received data
2023-12-04 10:31:15,951 - INFO - communication_with_trains - [102, 100, 102, 98, 99, 99, 48, 49, 51, 101, 99, 54, 50, 55, 98, 50, 57, 49, 100, 102, 56, 53, 100, 99, 52, 57, 101, 53, 100, 101, 56, 56, 101, 54, 53, 48, 51, 49, 56, 49, 56, 48, 97, 52, 97, 101, 55, 56, 97, 98, 51, 52, 56, 57, 102, 48, 97, 51, 52, 100, 56, 52, 99, 54]
2023-12-04 10:31:15,952 - INFO - communication_with_trains - [102, 100, 102, 98, 99, 99, 48, 49, 51, 101, 99, 54, 50, 55, 98, 50, 57, 49, 100, 102, 56, 53, 100, 99, 52, 57, 101, 53, 100, 101, 56, 56, 101, 54, 53, 48, 51, 49, 56, 49, 56, 48, 97, 52, 97, 101, 55, 56, 97, 98, 51, 52, 56, 57, 102, 48, 97, 51, 52, 100, 56, 52, 99, 54]
2023-12-04 10:31:15,952 - INFO - communication_with_trains - Client is verified
2023-12-04 10:31:15,953 - INFO - communication_with_trains - Received train
2023-12-04 10:31:15,953 - INFO - communication_with_trains - ['N', '-', '2023-12-04 10:47', '1', '14']
2023-12-04 10:31:15,953 - INFO - communication_with_trains - N - 2023-12-04 10:47 1 142
2023-12-04 10:31:15,954 - INFO - communication_with_trains - [2, 25, 78, 32, 45, 32, 50, 48, 50, 51, 45, 49, 50, 45, 48, 52, 32, 49, 48, 58, 52, 55, 32, 49, 32, 49, 52, 32, 209, 225, 32, 49, 49, 102, 51, 49, 52, 99, 51, 54, 57, 54, 102, 56, 55, 50, 57, 51, 52, 51, 48, 102, 48, 100, 53, 48, 55, 51, 52, 98, 52, 97, 57, 57, 48, 49, 101, 52, 100, 97, 50, 52, 102, 101, 49, 56, 56, 57, 97, 54, 56, 56, 97, 55, 102, 52, 102, 52, 101, 98, 98, 56, 51, 57, 50]
2023-12-04 10:31:15,954 - INFO - communication_with_trains - Sending data
2023-12-04 10:31:15,957 - INFO - communication_with_trains - nonce [209, 225]
2023-12-04 10:31:15,958 - INFO - communication_with_trains - Expecting: [49, 97, 55, 51, 52, 99, 51, 99, 102, 97, 53, 51, 50, 54, 101, 57, 55, 102, 52, 97, 51, 100, 51, 56, 100, 55, 54, 98, 52, 51, 99, 102, 53, 102, 51, 98, 55, 56, 50, 53, 57, 102, 98, 52, 100, 99, 50, 98, 99, 100, 55, 97, 97, 101, 101, 55, 49, 54, 57, 101, 102, 55, 57, 53]
2023-12-04 10:31:15,959 - INFO - handle_simulation_communication - Connected to asyncio gui server
2023-12-04 10:31:15,964 - INFO - read_comm_with_trains - Received data
2023-12-04 10:31:15,976 - INFO - communication_with_trains - [49, 97, 55, 51, 52, 99, 51, 99, 102, 97, 53, 51, 50, 54, 101, 57, 55, 102, 52, 97, 51, 100, 51, 56, 100, 55, 54, 98, 52, 51, 99, 102, 53, 102, 51, 98, 55, 56, 50, 53, 57, 102, 98, 52, 100, 99, 50, 98, 99, 100, 55, 97, 97, 101, 101, 55, 49, 54, 57, 101, 102, 55, 57, 53]
2023-12-04 10:31:15,977 - INFO - communication_with_trains - [49, 97, 55, 51, 52, 99, 51, 99, 102, 97, 53, 51, 50, 54, 101, 57, 55, 102, 52, 97, 51, 100, 51, 56, 100, 55, 54, 98, 52, 51, 99, 102, 53, 102, 51, 98, 55, 56, 50, 53, 57, 102, 98, 52, 100, 99, 50, 98, 99, 100, 55, 97, 97, 101, 101, 55, 49, 54, 57, 101, 102, 55, 57, 53]
2023-12-04 10:31:15,978 - INFO - communication_with_trains - Client is verified
2023-12-04 10:31:16,050 - INFO - sensor_comm - Connected to sensor 2
2023-12-04 10:31:16,069 - INFO - sensor_comm - Started client
2023-12-04 10:31:16,087 - INFO - sensor_comm - Connected to sensor 3
2023-12-04 10:31:16,104 - INFO - sensor_comm - Started client
2023-12-04 10:31:16,137 - INFO - handle_simulation_communication - Connected to asyncio track server
2023-12-04 10:31:16,214 - INFO - sensor_comm - Connected to sensor 4
2023-12-04 10:31:16,228 - INFO - sensor_comm - Started client
2023-12-04 10:31:16,241 - INFO - handle_simulation_communication - Connected to track sensor server
2023-12-04 10:31:16,241 - INFO - handle_simulation_communication - T 6 O1
2023-12-04 10:31:16,242 - INFO - handle_simulation_communication - [1, 5, 84, 32, 54, 32, 79, 32, 137, 215, 32, 53, 51, 56, 50, 54, 48, 102, 48, 102, 50, 50, 97, 99, 52, 52, 49, 51, 99, 50, 57, 99, 102, 101, 101, 97, 51, 100, 97, 54, 48, 56, 56, 100, 55, 100, 98, 48, 55, 102, 99, 101, 53, 100, 101, 51, 101, 50, 98, 101, 102, 98, 50, 101, 100, 55, 101, 55, 100, 57, 102, 49, 97, 52, 101]
2023-12-04 10:31:16,245 - INFO - sensor_comm - Connected to sensor 5
2023-12-04 10:31:16,253 - INFO - sensor_comm - Started client
2023-12-04 10:31:16,253 - INFO - handle_simulation_communication - [53, 52, 49, 51, 102, 98, 100, 98, 54, 56, 53, 54, 101, 56, 51, 100, 54, 49, 49, 56, 99, 100, 102, 53, 99, 102, 50, 53, 50, 56, 53, 100, 97, 56, 54, 48, 54, 99, 100, 52, 51, 97, 98, 98, 52, 51, 100, 102, 54, 99, 56, 99, 57, 56, 98, 98, 52, 56, 101, 99, 57, 101, 49, 51]
2023-12-04 10:31:16,254 - INFO - handle_simulation_communication - C 62
2023-12-04 10:31:16,254 - INFO - handle_simulation_communication - [2, 3, 67, 32, 54, 32, 25, 6, 32, 53, 50, 49, 100, 102, 53, 98, 56, 55, 56, 57, 55, 101, 98, 56, 50, 99, 52, 50, 98, 99, 48, 57, 51, 100, 99, 51, 97, 54, 53, 55, 100, 98, 56, 101, 57, 99, 54, 50, 54, 52, 48, 52, 52, 101, 52, 102, 48, 102, 56, 98, 102, 100, 98, 49, 101, 97, 51, 97, 97, 102, 99, 52, 49]
2023-12-04 10:31:16,257 - INFO - handle_simulation_communication - [102, 100, 98, 101, 50, 52, 57, 48, 49, 97, 56, 56, 100, 55, 98, 53, 48, 54, 49, 97, 102, 57, 49, 97, 52, 51, 100, 100, 54, 51, 99, 54, 57, 53, 49, 97, 97, 97, 55, 50, 57, 102, 52, 53, 48, 56, 57, 48, 101, 99, 50, 100, 50, 98, 51, 48, 49, 102, 97, 54, 54, 57, 98, 55]
2023-12-04 10:31:16,257 - INFO - handle_simulation_communication - T 1 O3
2023-12-04 10:31:16,257 - INFO - handle_simulation_communication - [3, 5, 84, 32, 49, 32, 79, 32, 228, 179, 32, 49, 102, 98, 57, 49, 53, 51, 97, 98, 97, 101, 101, 51, 101, 51, 98, 102, 100, 101, 99, 55, 49, 48, 48, 102, 52, 55, 102, 102, 101, 54, 102, 52, 54, 97, 102, 49, 100, 49, 100, 102, 57, 100, 48, 50, 101, 50, 53, 98, 101, 54, 52, 52, 99, 98, 52, 100, 55, 49, 51, 51, 55, 101, 48]
2023-12-04 10:31:16,261 - INFO - handle_simulation_communication - [49, 51, 100, 50, 49, 98, 49, 53, 99, 97, 56, 53, 49, 97, 50, 52, 52, 51, 54, 49, 102, 102, 102, 57, 49, 50, 101, 48, 52, 97, 98, 49, 100, 49, 101, 98, 98, 49, 55, 101, 52, 101, 49, 55, 51, 57, 53, 48, 56, 49, 50, 50, 53, 101, 99, 97, 51, 52, 53, 48, 49, 100, 101, 48]
2023-12-04 10:31:16,261 - INFO - handle_simulation_communication - C 14
2023-12-04 10:31:16,262 - INFO - handle_simulation_communication - [4, 3, 67, 32, 49, 32, 83, 29, 32, 98, 102, 49, 55, 100, 53, 100, 50, 57, 51, 101, 99, 55, 55, 98, 51, 54, 57, 50, 102, 98, 101, 51, 99, 56, 48, 98, 56, 57, 101, 54, 49, 52, 98, 98, 99, 102, 49, 99, 53, 100, 55, 101, 98, 101, 53, 57, 102, 49, 48, 52, 97, 51, 54, 52, 52, 56, 102, 102, 48, 49, 57, 54, 101]
2023-12-04 10:31:16,267 - INFO - handle_simulation_communication - [57, 49, 55, 49, 100, 54, 98, 101, 97, 50, 56, 54, 48, 49, 55, 99, 100, 99, 56, 50, 50, 99, 101, 50, 102, 55, 51, 50, 100, 97, 52, 102, 101, 53, 99, 101, 50, 56, 50, 57, 56, 48, 50, 101, 51, 54, 54, 49, 51, 51, 97, 56, 56, 50, 48, 57, 57, 50, 54, 101, 53, 98, 56, 98]
2023-12-04 10:31:16,267 - INFO - handle_simulation_communication - A 0 2023-12-04 10:42 Emmaboda 65
2023-12-04 10:31:16,268 - INFO - handle_simulation_communication - [5, 31, 65, 32, 48, 32, 50, 48, 50, 51, 45, 49, 50, 45, 48, 52, 32, 49, 48, 58, 52, 50, 32, 69, 109, 109, 97, 98, 111, 100, 97, 32, 54, 32, 37, 149, 32, 51, 53, 53, 99, 53, 53, 99, 50, 97, 51, 51, 98, 98, 56, 53, 51, 54, 48, 97, 50, 55, 55, 100, 49, 56, 52, 55, 99, 57, 48, 50, 48, 57, 52, 102, 48, 99, 51, 48, 50, 57, 102, 54, 48, 99, 49, 57, 51, 57, 54, 98, 100, 99, 97, 52, 56, 97, 56, 52, 54, 56, 100, 98, 49]
2023-12-04 10:31:16,273 - INFO - handle_simulation_communication - [55, 57, 48, 102, 100, 54, 55, 98, 54, 55, 56, 49, 100, 50, 99, 55, 52, 102, 54, 100, 54, 57, 48, 48, 54, 55, 57, 57, 53, 52, 49, 99, 55, 98, 50, 100, 52, 52, 101, 50, 97, 55, 102, 98, 101, 55, 100, 53, 51, 101, 98, 57, 55, 50, 51, 49, 55, 54, 49, 54, 52, 97, 99, 52]
2023-12-04 10:31:16,274 - INFO - handle_simulation_communication - A 1 2023-12-04 10:47 Köpenhamn 16
2023-12-04 10:31:16,274 - INFO - handle_simulation_communication - [6, 32, 65, 32, 49, 32, 50, 48, 50, 51, 45, 49, 50, 45, 48, 52, 32, 49, 48, 58, 52, 55, 32, 75, 246, 112, 101, 110, 104, 97, 109, 110, 32, 49, 32, 221, 62, 32, 51, 50, 100, 50, 56, 57, 48, 50, 48, 53, 56, 52, 49, 100, 98, 101, 57, 51, 52, 100, 100, 102, 100, 100, 57, 97, 101, 55, 49, 98, 49, 101, 97, 52, 102, 51, 56, 57, 97, 102, 98, 52, 98, 98, 98, 52, 55, 100, 57, 99, 55, 98, 99, 100, 54, 51, 54, 55, 48, 97, 101, 49, 55, 54]
2023-12-04 10:31:16,289 - INFO - sensor_comm - Connected to sensor 6
2023-12-04 10:31:16,292 - INFO - handle_simulation_communication - [101, 51, 102, 48, 101, 53, 55, 53, 52, 51, 97, 52, 50, 57, 53, 55, 52, 48, 57, 56, 53, 51, 48, 100, 55, 99, 99, 53, 53, 48, 99, 51, 97, 98, 97, 99, 55, 53, 55, 101, 101, 57, 97, 55, 48, 49, 50, 100, 54, 51, 48, 102, 57, 50, 54, 53, 49, 97, 52, 99, 97, 53, 56, 101]
2023-12-04 10:31:16,293 - INFO - handle_simulation_communication - A 2 2023-12-04 11:42 Emmaboda 67
2023-12-04 10:31:16,293 - INFO - handle_simulation_communication - [7, 31, 65, 32, 50, 32, 50, 48, 50, 51, 45, 49, 50, 45, 48, 52, 32, 49, 49, 58, 52, 50, 32, 69, 109, 109, 97, 98, 111, 100, 97, 32, 54, 32, 134, 156, 32, 56, 51, 48, 97, 56, 49, 57, 57, 99, 53, 52, 99, 54, 48, 98, 100, 100, 99, 102, 49, 48, 99, 102, 55, 50, 56, 100, 55, 98, 57, 55, 99, 50, 57, 99, 99, 97, 48, 51, 98, 56, 52, 55, 53, 48, 100, 50, 97, 102, 49, 56, 53, 56, 49, 48, 50, 54, 52, 57, 50, 98, 52, 57, 48]
2023-12-04 10:31:16,295 - INFO - handle_simulation_communication - [102, 56, 98, 98, 56, 55, 56, 100, 56, 100, 50, 97, 57, 56, 55, 100, 99, 53, 97, 51, 49, 54, 99, 49, 51, 57, 98, 50, 50, 53, 56, 56, 49, 52, 101, 53, 48, 57, 99, 49, 49, 56, 53, 51, 97, 56, 49, 100, 53, 57, 54, 97, 100, 49, 52, 51, 100, 98, 101, 48, 99, 51, 101, 100]
2023-12-04 10:31:16,296 - INFO - handle_simulation_communication - A 3 2023-12-04 11:47 Köpenhamn 18
2023-12-04 10:31:16,298 - INFO - handle_simulation_communication - [8, 32, 65, 32, 51, 32, 50, 48, 50, 51, 45, 49, 50, 45, 48, 52, 32, 49, 49, 58, 52, 55, 32, 75, 246, 112, 101, 110, 104, 97, 109, 110, 32, 49, 32, 140, 52, 32, 48, 48, 49, 51, 99, 56, 57, 57, 98, 99, 54, 56, 53, 99, 99, 50, 52, 53, 99, 54, 54, 101, 99, 97, 97, 56, 54, 98, 97, 57, 48, 99, 51, 48, 57, 97, 98, 102, 101, 54, 57, 51, 49, 97, 99, 97, 100, 52, 51, 98, 102, 55, 57, 55, 49, 97, 48, 57, 98, 101, 49, 97, 101, 99]
2023-12-04 10:31:16,301 - INFO - sensor_comm - No new data from track sensors
2023-12-04 10:31:16,304 - INFO - handle_simulation_communication - [101, 55, 97, 56, 55, 49, 49, 56, 99, 52, 51, 56, 50, 99, 50, 98, 101, 98, 48, 52, 48, 52, 57, 54, 56, 48, 55, 56, 98, 50, 49, 100, 54, 54, 56, 99, 97, 54, 50, 97, 52, 101, 49, 54, 53, 53, 97, 100, 101, 52, 49, 57, 48, 100, 101, 56, 101, 55, 98, 53, 48, 101, 54, 56]
2023-12-04 10:31:16,307 - INFO - sensor_comm - No new data from track sensors
2023-12-04 10:31:16,349 - INFO - sensor_comm - No new data from track sensors
2023-12-04 10:31:16,353 - INFO - sensor_comm - No new data from track sensors
2023-12-04 10:31:16,357 - INFO - sensor_comm - No new data from track sensors
2023-12-04 10:31:16,359 - INFO - sensor_comm - No new data from track sensors
